# JRE version: Java(TM) SE Runtime Environment (8.0_202-b08) (build 1.8.0_202-b08)
# Java VM: Java HotSpot(TM) 64-Bit Server VM (25.202-b08 mixed mode windows-amd64 compressed oops)
Heap:
 PSYoungGen      total 83456K, used 71972K [0x0000000780180000, 0x0000000787100000, 0x00000007c0000000)
  eden space 73728K, 88% used [0x0000000780180000,0x00000007841803b8,0x0000000784980000)
  from space 9728K, 66% used [0x0000000784980000,0x0000000784fc9040,0x0000000785300000)
  to   space 9728K, 0% used [0x0000000786780000,0x0000000786780000,0x0000000787100000)
 ParOldGen       total 77824K, used 6937K [0x0000000700400000, 0x0000000705000000, 0x0000000780180000)
  object space 77824K, 8% used [0x0000000700400000,0x0000000700ac6578,0x0000000705000000)
 Metaspace       used 34140K, capacity 35270K, committed 35456K, reserved 1079296K
  class space    used 4705K, capacity 4963K, committed 4992K, reserved 1048576K
GC Heap History (10 events):
Event: 7.315 GC heap before
{Heap before GC invocations=6 (full 1):
 PSYoungGen      total 56320K, used 7113K [0x0000000780180000, 0x0000000784280000, 0x00000007c0000000)
  eden space 48128K, 0% used [0x0000000780180000,0x0000000780180000,0x0000000783080000)
  from space 8192K, 86% used [0x0000000783180000,0x0000000783872768,0x0000000783980000)
  to   space 9216K, 0% used [0x0000000783980000,0x0000000783980000,0x0000000784280000)
 ParOldGen       total 131072K, used 40K [0x0000000700400000, 0x0000000708400000, 0x0000000780180000)
  object space 131072K, 0% used [0x0000000700400000,0x000000070040a000,0x0000000708400000)
 Metaspace       used 20870K, capacity 21184K, committed 21296K, reserved 1067008K
  class space    used 2828K, capacity 2924K, committed 2944K, reserved 1048576K
Event: 7.365 GC heap after
Heap after GC invocations=6 (full 1):
 PSYoungGen      total 56320K, used 0K [0x0000000780180000, 0x0000000784280000, 0x00000007c0000000)
  eden space 48128K, 0% used [0x0000000780180000,0x0000000780180000,0x0000000783080000)
  from space 8192K, 0% used [0x0000000783180000,0x0000000783180000,0x0000000783980000)
  to   space 9216K, 0% used [0x0000000783980000,0x0000000783980000,0x0000000784280000)
 ParOldGen       total 77824K, used 6905K [0x0000000700400000, 0x0000000705000000, 0x0000000780180000)
  object space 77824K, 8% used [0x0000000700400000,0x0000000700abe578,0x0000000705000000)
 Metaspace       used 20870K, capacity 21184K, committed 21296K, reserved 1067008K
  class space    used 2828K, capacity 2924K, committed 2944K, reserved 1048576K
}
Event: 8.961 GC heap before
{Heap before GC invocations=7 (full 1):
 PSYoungGen      total 56320K, used 48128K [0x0000000780180000, 0x0000000784280000, 0x00000007c0000000)
  eden space 48128K, 100% used [0x0000000780180000,0x0000000783080000,0x0000000783080000)
  from space 8192K, 0% used [0x0000000783180000,0x0000000783180000,0x0000000783980000)
  to   space 9216K, 0% used [0x0000000783980000,0x0000000783980000,0x0000000784280000)
 ParOldGen       total 77824K, used 6905K [0x0000000700400000, 0x0000000705000000, 0x0000000780180000)
  object space 77824K, 8% used [0x0000000700400000,0x0000000700abe578,0x0000000705000000)
 Metaspace       used 24170K, capacity 24686K, committed 24832K, reserved 1071104K
  class space    used 3390K, capacity 3523K, committed 3584K, reserved 1048576K
Event: 8.965 GC heap after
Heap after GC invocations=7 (full 1):
 PSYoungGen      total 57344K, used 3919K [0x0000000780180000, 0x0000000785b00000, 0x00000007c0000000)
  eden space 48128K, 0% used [0x0000000780180000,0x0000000780180000,0x0000000783080000)
  from space 9216K, 42% used [0x0000000783980000,0x0000000783d53c10,0x0000000784280000)
  to   space 9216K, 0% used [0x0000000783080000,0x0000000783080000,0x0000000783980000)
 ParOldGen       total 77824K, used 6913K [0x0000000700400000, 0x0000000705000000, 0x0000000780180000)
  object space 77824K, 8% used [0x0000000700400000,0x0000000700ac0578,0x0000000705000000)
 Metaspace       used 24170K, capacity 24686K, committed 24832K, reserved 1071104K
  class space    used 3390K, capacity 3523K, committed 3584K, reserved 1048576K
}
Event: 9.768 GC heap before
{Heap before GC invocations=8 (full 1):
 PSYoungGen      total 57344K, used 52047K [0x0000000780180000, 0x0000000785b00000, 0x00000007c0000000)
  eden space 48128K, 100% used [0x0000000780180000,0x0000000783080000,0x0000000783080000)
  from space 9216K, 42% used [0x0000000783980000,0x0000000783d53c10,0x0000000784280000)
  to   space 9216K, 0% used [0x0000000783080000,0x0000000783080000,0x0000000783980000)
 ParOldGen       total 77824K, used 6913K [0x0000000700400000, 0x0000000705000000, 0x0000000780180000)
  object space 77824K, 8% used [0x0000000700400000,0x0000000700ac0578,0x0000000705000000)
 Metaspace       used 26623K, capacity 27170K, committed 27392K, reserved 1073152K
  class space    used 3658K, capacity 3815K, committed 3840K, reserved 1048576K
Event: 9.775 GC heap after
Heap after GC invocations=8 (full 1):
 PSYoungGen      total 57344K, used 3520K [0x0000000780180000, 0x0000000785c00000, 0x00000007c0000000)
  eden space 48128K, 0% used [0x0000000780180000,0x0000000780180000,0x0000000783080000)
  from space 9216K, 38% used [0x0000000783080000,0x00000007833f03f8,0x0000000783980000)
  to   space 9216K, 0% used [0x0000000785300000,0x0000000785300000,0x0000000785c00000)
 ParOldGen       total 77824K, used 6921K [0x0000000700400000, 0x0000000705000000, 0x0000000780180000)
  object space 77824K, 8% used [0x0000000700400000,0x0000000700ac2578,0x0000000705000000)
 Metaspace       used 26623K, capacity 27170K, committed 27392K, reserved 1073152K
  class space    used 3658K, capacity 3815K, committed 3840K, reserved 1048576K
}
Event: 10.310 GC heap before
{Heap before GC invocations=9 (full 1):
 PSYoungGen      total 57344K, used 51648K [0x0000000780180000, 0x0000000785c00000, 0x00000007c0000000)
  eden space 48128K, 100% used [0x0000000780180000,0x0000000783080000,0x0000000783080000)
  from space 9216K, 38% used [0x0000000783080000,0x00000007833f03f8,0x0000000783980000)
  to   space 9216K, 0% used [0x0000000785300000,0x0000000785300000,0x0000000785c00000)
 ParOldGen       total 77824K, used 6921K [0x0000000700400000, 0x0000000705000000, 0x0000000780180000)
  object space 77824K, 8% used [0x0000000700400000,0x0000000700ac2578,0x0000000705000000)
 Metaspace       used 27620K, capacity 28150K, committed 28416K, reserved 1073152K
  class space    used 3859K, capacity 4013K, committed 4096K, reserved 1048576K
Event: 10.314 GC heap after
Heap after GC invocations=9 (full 1):
 PSYoungGen      total 82944K, used 2473K [0x0000000780180000, 0x0000000785d00000, 0x00000007c0000000)
  eden space 73728K, 0% used [0x0000000780180000,0x0000000780180000,0x0000000784980000)
  from space 9216K, 26% used [0x0000000785300000,0x000000078556a428,0x0000000785c00000)
  to   space 9728K, 0% used [0x0000000784980000,0x0000000784980000,0x0000000785300000)
 ParOldGen       total 77824K, used 6929K [0x0000000700400000, 0x0000000705000000, 0x0000000780180000)
  object space 77824K, 8% used [0x0000000700400000,0x0000000700ac4578,0x0000000705000000)
 Metaspace       used 27620K, capacity 28150K, committed 28416K, reserved 1073152K
  class space    used 3859K, capacity 4013K, committed 4096K, reserved 1048576K
}
Event: 20.859 GC heap before
{Heap before GC invocations=10 (full 1):
 PSYoungGen      total 82944K, used 76201K [0x0000000780180000, 0x0000000785d00000, 0x00000007c0000000)
  eden space 73728K, 100% used [0x0000000780180000,0x0000000784980000,0x0000000784980000)
  from space 9216K, 26% used [0x0000000785300000,0x000000078556a428,0x0000000785c00000)
  to   space 9728K, 0% used [0x0000000784980000,0x0000000784980000,0x0000000785300000)
 ParOldGen       total 77824K, used 6929K [0x0000000700400000, 0x0000000705000000, 0x0000000780180000)
  object space 77824K, 8% used [0x0000000700400000,0x0000000700ac4578,0x0000000705000000)
 Metaspace       used 32813K, capacity 33900K, committed 34048K, reserved 1079296K
  class space    used 4552K, capacity 4838K, committed 4864K, reserved 1048576K
Event: 20.868 GC heap after
Heap after GC invocations=10 (full 1):
 PSYoungGen      total 83456K, used 6436K [0x0000000780180000, 0x0000000787100000, 0x00000007c0000000)
  eden space 73728K, 0% used [0x0000000780180000,0x0000000780180000,0x0000000784980000)
  from space 9728K, 66% used [0x0000000784980000,0x0000000784fc9040,0x0000000785300000)
  to   space 9728K, 0% used [0x0000000786780000,0x0000000786780000,0x0000000787100000)
 ParOldGen       total 77824K, used 6937K [0x0000000700400000, 0x0000000705000000, 0x0000000780180000)
  object space 77824K, 8% used [0x0000000700400000,0x0000000700ac6578,0x0000000705000000)
 Metaspace       used 32813K, capacity 33900K, committed 34048K, reserved 1079296K
  class space    used 4552K, capacity 4838K, committed 4864K, reserved 1048576K
}

