# JRE version: Java(TM) SE Runtime Environment (8.0_202-b08) (build 1.8.0_202-b08)
# Java VM: Java HotSpot(TM) 64-Bit Server VM (25.202-b08 mixed mode windows-amd64 compressed oops)
Heap:
 PSYoungGen      total 102400K, used 44020K [0x0000000780180000, 0x0000000788800000, 0x00000007c0000000)
  eden space 93184K, 47% used [0x0000000780180000,0x0000000782c7d018,0x0000000785c80000)
  from space 9216K, 0% used [0x0000000786580000,0x0000000786580000,0x0000000786e80000)
  to   space 9216K, 0% used [0x0000000785c80000,0x0000000785c80000,0x0000000786580000)
 ParOldGen       total 78848K, used 10355K [0x0000000700400000, 0x0000000705100000, 0x0000000780180000)
  object space 78848K, 13% used [0x0000000700400000,0x0000000700e1cef8,0x0000000705100000)
 Metaspace       used 35070K, capacity 36224K, committed 36352K, reserved 1081344K
  class space    used 4771K, capacity 5070K, committed 5120K, reserved 1048576K
GC Heap History (10 events):
Event: 26.070 GC heap before
{Heap before GC invocations=10 (full 1):
 PSYoungGen      total 84480K, used 77449K [0x0000000780180000, 0x0000000785e80000, 0x00000007c0000000)
  eden space 74752K, 100% used [0x0000000780180000,0x0000000784a80000,0x0000000784a80000)
  from space 9728K, 27% used [0x0000000785400000,0x00000007856a2428,0x0000000785d80000)
  to   space 9728K, 0% used [0x0000000784a80000,0x0000000784a80000,0x0000000785400000)
 ParOldGen       total 75776K, used 6971K [0x0000000700400000, 0x0000000704e00000, 0x0000000780180000)
  object space 75776K, 9% used [0x0000000700400000,0x0000000700acedf8,0x0000000704e00000)
 Metaspace       used 33015K, capacity 34160K, committed 34304K, reserved 1079296K
  class space    used 4578K, capacity 4840K, committed 4864K, reserved 1048576K
Event: 26.084 GC heap after
Heap after GC invocations=10 (full 1):
 PSYoungGen      total 84480K, used 6375K [0x0000000780180000, 0x0000000787400000, 0x00000007c0000000)
  eden space 74752K, 0% used [0x0000000780180000,0x0000000780180000,0x0000000784a80000)
  from space 9728K, 65% used [0x0000000784a80000,0x00000007850b9fa0,0x0000000785400000)
  to   space 9728K, 0% used [0x0000000786a80000,0x0000000786a80000,0x0000000787400000)
 ParOldGen       total 75776K, used 7862K [0x0000000700400000, 0x0000000704e00000, 0x0000000780180000)
  object space 75776K, 10% used [0x0000000700400000,0x0000000700bad880,0x0000000704e00000)
 Metaspace       used 33015K, capacity 34160K, committed 34304K, reserved 1079296K
  class space    used 4578K, capacity 4840K, committed 4864K, reserved 1048576K
}
Event: 31.079 GC heap before
{Heap before GC invocations=11 (full 1):
 PSYoungGen      total 84480K, used 81127K [0x0000000780180000, 0x0000000787400000, 0x00000007c0000000)
  eden space 74752K, 100% used [0x0000000780180000,0x0000000784a80000,0x0000000784a80000)
  from space 9728K, 65% used [0x0000000784a80000,0x00000007850b9fa0,0x0000000785400000)
  to   space 9728K, 0% used [0x0000000786a80000,0x0000000786a80000,0x0000000787400000)
 ParOldGen       total 75776K, used 7862K [0x0000000700400000, 0x0000000704e00000, 0x0000000780180000)
  object space 75776K, 10% used [0x0000000700400000,0x0000000700bad880,0x0000000704e00000)
 Metaspace       used 34127K, capacity 35166K, committed 35200K, reserved 1079296K
  class space    used 4709K, capacity 4985K, committed 4992K, reserved 1048576K
Event: 31.087 GC heap after
Heap after GC invocations=11 (full 1):
 PSYoungGen      total 102400K, used 4820K [0x0000000780180000, 0x0000000787100000, 0x00000007c0000000)
  eden space 95744K, 0% used [0x0000000780180000,0x0000000780180000,0x0000000785f00000)
  from space 6656K, 72% used [0x0000000786a80000,0x0000000786f35398,0x0000000787100000)
  to   space 9216K, 0% used [0x0000000785f00000,0x0000000785f00000,0x0000000786800000)
 ParOldGen       total 75776K, used 8265K [0x0000000700400000, 0x0000000704e00000, 0x0000000780180000)
  object space 75776K, 10% used [0x0000000700400000,0x0000000700c12630,0x0000000704e00000)
 Metaspace       used 34127K, capacity 35166K, committed 35200K, reserved 1079296K
  class space    used 4709K, capacity 4985K, committed 4992K, reserved 1048576K
}
Event: 39.995 GC heap before
{Heap before GC invocations=12 (full 1):
 PSYoungGen      total 102400K, used 100564K [0x0000000780180000, 0x0000000787100000, 0x00000007c0000000)
  eden space 95744K, 100% used [0x0000000780180000,0x0000000785f00000,0x0000000785f00000)
  from space 6656K, 72% used [0x0000000786a80000,0x0000000786f35398,0x0000000787100000)
  to   space 9216K, 0% used [0x0000000785f00000,0x0000000785f00000,0x0000000786800000)
 ParOldGen       total 75776K, used 8265K [0x0000000700400000, 0x0000000704e00000, 0x0000000780180000)
  object space 75776K, 10% used [0x0000000700400000,0x0000000700c12630,0x0000000704e00000)
 Metaspace       used 34289K, capacity 35400K, committed 35456K, reserved 1079296K
  class space    used 4715K, capacity 4990K, committed 4992K, reserved 1048576K
Event: 40.004 GC heap after
Heap after GC invocations=12 (full 1):
 PSYoungGen      total 97280K, used 3958K [0x0000000780180000, 0x0000000786e80000, 0x00000007c0000000)
  eden space 93184K, 0% used [0x0000000780180000,0x0000000780180000,0x0000000785c80000)
  from space 4096K, 96% used [0x0000000785f00000,0x00000007862dd998,0x0000000786300000)
  to   space 9216K, 0% used [0x0000000786580000,0x0000000786580000,0x0000000786e80000)
 ParOldGen       total 75776K, used 8273K [0x0000000700400000, 0x0000000704e00000, 0x0000000780180000)
  object space 75776K, 10% used [0x0000000700400000,0x0000000700c14630,0x0000000704e00000)
 Metaspace       used 34289K, capacity 35400K, committed 35456K, reserved 1079296K
  class space    used 4715K, capacity 4990K, committed 4992K, reserved 1048576K
}
Event: 40.774 GC heap before
{Heap before GC invocations=13 (full 1):
 PSYoungGen      total 97280K, used 17344K [0x0000000780180000, 0x0000000786e80000, 0x00000007c0000000)
  eden space 93184K, 14% used [0x0000000780180000,0x0000000780e926d8,0x0000000785c80000)
  from space 4096K, 96% used [0x0000000785f00000,0x00000007862dd998,0x0000000786300000)
  to   space 9216K, 0% used [0x0000000786580000,0x0000000786580000,0x0000000786e80000)
 ParOldGen       total 75776K, used 8273K [0x0000000700400000, 0x0000000704e00000, 0x0000000780180000)
  object space 75776K, 10% used [0x0000000700400000,0x0000000700c14630,0x0000000704e00000)
 Metaspace       used 34317K, capacity 35400K, committed 35456K, reserved 1079296K
  class space    used 4715K, capacity 4990K, committed 4992K, reserved 1048576K
Event: 40.781 GC heap after
Heap after GC invocations=13 (full 1):
 PSYoungGen      total 102400K, used 3897K [0x0000000780180000, 0x0000000788800000, 0x00000007c0000000)
  eden space 93184K, 0% used [0x0000000780180000,0x0000000780180000,0x0000000785c80000)
  from space 9216K, 42% used [0x0000000786580000,0x000000078694e470,0x0000000786e80000)
  to   space 9216K, 0% used [0x0000000785c80000,0x0000000785c80000,0x0000000786580000)
 ParOldGen       total 75776K, used 8281K [0x0000000700400000, 0x0000000704e00000, 0x0000000780180000)
  object space 75776K, 10% used [0x0000000700400000,0x0000000700c16630,0x0000000704e00000)
 Metaspace       used 34317K, capacity 35400K, committed 35456K, reserved 1079296K
  class space    used 4715K, capacity 4990K, committed 4992K, reserved 1048576K
}
Event: 40.781 GC heap before
{Heap before GC invocations=14 (full 2):
 PSYoungGen      total 102400K, used 3897K [0x0000000780180000, 0x0000000788800000, 0x00000007c0000000)
  eden space 93184K, 0% used [0x0000000780180000,0x0000000780180000,0x0000000785c80000)
  from space 9216K, 42% used [0x0000000786580000,0x000000078694e470,0x0000000786e80000)
  to   space 9216K, 0% used [0x0000000785c80000,0x0000000785c80000,0x0000000786580000)
 ParOldGen       total 75776K, used 8281K [0x0000000700400000, 0x0000000704e00000, 0x0000000780180000)
  object space 75776K, 10% used [0x0000000700400000,0x0000000700c16630,0x0000000704e00000)
 Metaspace       used 34317K, capacity 35400K, committed 35456K, reserved 1079296K
  class space    used 4715K, capacity 4990K, committed 4992K, reserved 1048576K
Event: 40.847 GC heap after
Heap after GC invocations=14 (full 2):
 PSYoungGen      total 102400K, used 0K [0x0000000780180000, 0x0000000788800000, 0x00000007c0000000)
  eden space 93184K, 0% used [0x0000000780180000,0x0000000780180000,0x0000000785c80000)
  from space 9216K, 0% used [0x0000000786580000,0x0000000786580000,0x0000000786e80000)
  to   space 9216K, 0% used [0x0000000785c80000,0x0000000785c80000,0x0000000786580000)
 ParOldGen       total 78848K, used 10355K [0x0000000700400000, 0x0000000705100000, 0x0000000780180000)
  object space 78848K, 13% used [0x0000000700400000,0x0000000700e1cef8,0x0000000705100000)
 Metaspace       used 34317K, capacity 35400K, committed 35456K, reserved 1079296K
  class space    used 4715K, capacity 4990K, committed 4992K, reserved 1048576K
}

