# JRE version: Java(TM) SE Runtime Environment (8.0_202-b08) (build 1.8.0_202-b08)
# Java VM: Java HotSpot(TM) 64-Bit Server VM (25.202-b08 mixed mode windows-amd64 compressed oops)
Heap:
 PSYoungGen      total 102400K, used 14683K [0x0000000780180000, 0x0000000789580000, 0x00000007c0000000)
  eden space 93184K, 7% used [0x0000000780180000,0x000000078089c8f8,0x0000000785c80000)
  from space 9216K, 80% used [0x0000000788c80000,0x00000007893ba5a0,0x0000000789580000)
  to   space 9216K, 0% used [0x0000000785c80000,0x0000000785c80000,0x0000000786580000)
 ParOldGen       total 72192K, used 6925K [0x0000000700400000, 0x0000000704a80000, 0x0000000780180000)
  object space 72192K, 9% used [0x0000000700400000,0x0000000700ac3640,0x0000000704a80000)
 Metaspace       used 33975K, capacity 35124K, committed 35200K, reserved 1079296K
  class space    used 4649K, capacity 4940K, committed 4992K, reserved 1048576K
GC Heap History (10 events):
Event: 7.123 GC heap before
{Heap before GC invocations=5 (full 0):
 PSYoungGen      total 57344K, used 27888K [0x0000000780180000, 0x0000000784180000, 0x00000007c0000000)
  eden space 49152K, 41% used [0x0000000780180000,0x00000007815a2618,0x0000000783180000)
  from space 8192K, 88% used [0x0000000783980000,0x0000000784099cf0,0x0000000784180000)
  to   space 8192K, 0% used [0x0000000783180000,0x0000000783180000,0x0000000783980000)
 ParOldGen       total 131072K, used 32K [0x0000000700400000, 0x0000000708400000, 0x0000000780180000)
  object space 131072K, 0% used [0x0000000700400000,0x0000000700408000,0x0000000708400000)
 Metaspace       used 20852K, capacity 21180K, committed 21296K, reserved 1067008K
  class space    used 2828K, capacity 2924K, committed 2944K, reserved 1048576K
Event: 7.130 GC heap after
Heap after GC invocations=5 (full 0):
 PSYoungGen      total 57344K, used 7061K [0x0000000780180000, 0x0000000787380000, 0x00000007c0000000)
  eden space 49152K, 0% used [0x0000000780180000,0x0000000780180000,0x0000000783180000)
  from space 8192K, 86% used [0x0000000783180000,0x0000000783865738,0x0000000783980000)
  to   space 9216K, 0% used [0x0000000786a80000,0x0000000786a80000,0x0000000787380000)
 ParOldGen       total 131072K, used 40K [0x0000000700400000, 0x0000000708400000, 0x0000000780180000)
  object space 131072K, 0% used [0x0000000700400000,0x000000070040a000,0x0000000708400000)
 Metaspace       used 20852K, capacity 21180K, committed 21296K, reserved 1067008K
  class space    used 2828K, capacity 2924K, committed 2944K, reserved 1048576K
}
Event: 7.130 GC heap before
{Heap before GC invocations=6 (full 1):
 PSYoungGen      total 57344K, used 7061K [0x0000000780180000, 0x0000000787380000, 0x00000007c0000000)
  eden space 49152K, 0% used [0x0000000780180000,0x0000000780180000,0x0000000783180000)
  from space 8192K, 86% used [0x0000000783180000,0x0000000783865738,0x0000000783980000)
  to   space 9216K, 0% used [0x0000000786a80000,0x0000000786a80000,0x0000000787380000)
 ParOldGen       total 131072K, used 40K [0x0000000700400000, 0x0000000708400000, 0x0000000780180000)
  object space 131072K, 0% used [0x0000000700400000,0x000000070040a000,0x0000000708400000)
 Metaspace       used 20852K, capacity 21180K, committed 21296K, reserved 1067008K
  class space    used 2828K, capacity 2924K, committed 2944K, reserved 1048576K
Event: 7.169 GC heap after
Heap after GC invocations=6 (full 1):
 PSYoungGen      total 57344K, used 0K [0x0000000780180000, 0x0000000787380000, 0x00000007c0000000)
  eden space 49152K, 0% used [0x0000000780180000,0x0000000780180000,0x0000000783180000)
  from space 8192K, 0% used [0x0000000783180000,0x0000000783180000,0x0000000783980000)
  to   space 9216K, 0% used [0x0000000786a80000,0x0000000786a80000,0x0000000787380000)
 ParOldGen       total 72192K, used 6901K [0x0000000700400000, 0x0000000704a80000, 0x0000000780180000)
  object space 72192K, 9% used [0x0000000700400000,0x0000000700abd640,0x0000000704a80000)
 Metaspace       used 20852K, capacity 21180K, committed 21296K, reserved 1067008K
  class space    used 2828K, capacity 2924K, committed 2944K, reserved 1048576K
}
Event: 9.147 GC heap before
{Heap before GC invocations=7 (full 1):
 PSYoungGen      total 57344K, used 49152K [0x0000000780180000, 0x0000000787380000, 0x00000007c0000000)
  eden space 49152K, 100% used [0x0000000780180000,0x0000000783180000,0x0000000783180000)
  from space 8192K, 0% used [0x0000000783180000,0x0000000783180000,0x0000000783980000)
  to   space 9216K, 0% used [0x0000000786a80000,0x0000000786a80000,0x0000000787380000)
 ParOldGen       total 72192K, used 6901K [0x0000000700400000, 0x0000000704a80000, 0x0000000780180000)
  object space 72192K, 9% used [0x0000000700400000,0x0000000700abd640,0x0000000704a80000)
 Metaspace       used 24233K, capacity 24782K, committed 25088K, reserved 1071104K
  class space    used 3398K, capacity 3555K, committed 3584K, reserved 1048576K
Event: 9.155 GC heap after
Heap after GC invocations=7 (full 1):
 PSYoungGen      total 84992K, used 3932K [0x0000000780180000, 0x0000000786e80000, 0x00000007c0000000)
  eden space 80896K, 0% used [0x0000000780180000,0x0000000780180000,0x0000000785080000)
  from space 4096K, 96% used [0x0000000786a80000,0x0000000786e57210,0x0000000786e80000)
  to   space 9216K, 0% used [0x0000000785c80000,0x0000000785c80000,0x0000000786580000)
 ParOldGen       total 72192K, used 6909K [0x0000000700400000, 0x0000000704a80000, 0x0000000780180000)
  object space 72192K, 9% used [0x0000000700400000,0x0000000700abf640,0x0000000704a80000)
 Metaspace       used 24233K, capacity 24782K, committed 25088K, reserved 1071104K
  class space    used 3398K, capacity 3555K, committed 3584K, reserved 1048576K
}
Event: 11.342 GC heap before
{Heap before GC invocations=8 (full 1):
 PSYoungGen      total 84992K, used 84828K [0x0000000780180000, 0x0000000786e80000, 0x00000007c0000000)
  eden space 80896K, 100% used [0x0000000780180000,0x0000000785080000,0x0000000785080000)
  from space 4096K, 96% used [0x0000000786a80000,0x0000000786e57210,0x0000000786e80000)
  to   space 9216K, 0% used [0x0000000785c80000,0x0000000785c80000,0x0000000786580000)
 ParOldGen       total 72192K, used 6909K [0x0000000700400000, 0x0000000704a80000, 0x0000000780180000)
  object space 72192K, 9% used [0x0000000700400000,0x0000000700abf640,0x0000000704a80000)
 Metaspace       used 27291K, capacity 27874K, committed 28032K, reserved 1073152K
  class space    used 3785K, capacity 3943K, committed 3968K, reserved 1048576K
Event: 11.363 GC heap after
Heap after GC invocations=8 (full 1):
 PSYoungGen      total 102400K, used 3650K [0x0000000780180000, 0x0000000789580000, 0x00000007c0000000)
  eden space 93184K, 0% used [0x0000000780180000,0x0000000780180000,0x0000000785c80000)
  from space 9216K, 39% used [0x0000000785c80000,0x0000000786010a80,0x0000000786580000)
  to   space 9216K, 0% used [0x0000000788c80000,0x0000000788c80000,0x0000000789580000)
 ParOldGen       total 72192K, used 6917K [0x0000000700400000, 0x0000000704a80000, 0x0000000780180000)
  object space 72192K, 9% used [0x0000000700400000,0x0000000700ac1640,0x0000000704a80000)
 Metaspace       used 27291K, capacity 27874K, committed 28032K, reserved 1073152K
  class space    used 3785K, capacity 3943K, committed 3968K, reserved 1048576K
}
Event: 43.860 GC heap before
{Heap before GC invocations=9 (full 1):
 PSYoungGen      total 102400K, used 96834K [0x0000000780180000, 0x0000000789580000, 0x00000007c0000000)
  eden space 93184K, 100% used [0x0000000780180000,0x0000000785c80000,0x0000000785c80000)
  from space 9216K, 39% used [0x0000000785c80000,0x0000000786010a80,0x0000000786580000)
  to   space 9216K, 0% used [0x0000000788c80000,0x0000000788c80000,0x0000000789580000)
 ParOldGen       total 72192K, used 6917K [0x0000000700400000, 0x0000000704a80000, 0x0000000780180000)
  object space 72192K, 9% used [0x0000000700400000,0x0000000700ac1640,0x0000000704a80000)
 Metaspace       used 33918K, capacity 35124K, committed 35200K, reserved 1079296K
  class space    used 4644K, capacity 4940K, committed 4992K, reserved 1048576K
Event: 43.874 GC heap after
Heap after GC invocations=9 (full 1):
 PSYoungGen      total 102400K, used 7401K [0x0000000780180000, 0x0000000789580000, 0x00000007c0000000)
  eden space 93184K, 0% used [0x0000000780180000,0x0000000780180000,0x0000000785c80000)
  from space 9216K, 80% used [0x0000000788c80000,0x00000007893ba5a0,0x0000000789580000)
  to   space 9216K, 0% used [0x0000000785c80000,0x0000000785c80000,0x0000000786580000)
 ParOldGen       total 72192K, used 6925K [0x0000000700400000, 0x0000000704a80000, 0x0000000780180000)
  object space 72192K, 9% used [0x0000000700400000,0x0000000700ac3640,0x0000000704a80000)
 Metaspace       used 33918K, capacity 35124K, committed 35200K, reserved 1079296K
  class space    used 4644K, capacity 4940K, committed 4992K, reserved 1048576K
}

